[ 'mikeal/caseless',
  'Repository: \t https://github.com/mikeal/caseless ',
  'Line of code: \t 280',
  'calvinmetcalf/buffer-shims',
  'Repository: \t https://github.com/calvinmetcalf/buffer-shims ',
  'Line of code: \t 1373',
  'juliangruber/brace-expansion',
  'Repository: \t https://github.com/juliangruber/brace-expansion ',
  'Line of code: \t 2542',
  'hughsk/clone-stats',
  'Repository: \t https://github.com/hughsk/clone-stats ',
  'Line of code: \t 118',
  'mcollina/cloneable-readable',
  'Repository: \t https://github.com/mcollina/cloneable-readable ',
  'Line of code: \t 1145',
  'knownasilya/cli-width',
  'Repository: \t https://github.com/knownasilya/cli-width ',
  'Line of code: \t 4317',
  'substack/accountdown-basic',
  'Repository: \t https://github.com/substack/accountdown-basic ',
  'Line of code: \t 511',
  'substack/node-concat-map',
  'Repository: \t https://github.com/substack/node-concat-map ',
  'Line of code: \t 185',
  'chrisdickinson/bops',
  'Repository: \t https://github.com/chrisdickinson/bops ',
  'Line of code: \t 1581',
  'substack/accountdown',
  'Repository: \t https://github.com/substack/accountdown ',
  'Line of code: \t 755',
  'deanlandolt/bytewise',
  'Repository: \t https://github.com/deanlandolt/bytewise ',
  'Line of code: \t 301',
  'watson/ci-info',
  'Repository: \t https://github.com/watson/ci-info ',
  'Line of code: \t 1429',
  'feross/buffer',
  'Repository: \t https://github.com/feross/buffer ',
  'Line of code: \t 10074',
  'Raynos/continuable-cache',
  'Repository: \t https://github.com/Raynos/continuable-cache ',
  'Line of code: \t 231',
  'maxogden/concat-stream',
  'Repository: \t https://github.com/maxogden/concat-stream ',
  'Line of code: \t 588',
  'inspect-js/node-deep-equal',
  'Repository: \t https://github.com/inspect-js/node-deep-equal ',
  'Line of code: \t 2527',
  'thlorenz/deep-is',
  'Repository: \t https://github.com/thlorenz/deep-is ',
  'Line of code: \t 323',
  'ericelliott/cuid',
  'Repository: \t https://github.com/ericelliott/cuid ',
  'Line of code: \t 8658',
  'ljharb/define-properties',
  'Repository: \t https://github.com/ljharb/define-properties ',
  'Line of code: \t 741',
  'substack/defined',
  'Repository: \t https://github.com/substack/defined ',
  'Line of code: \t 161',
  'Level/deferred-leveldown',
  'Repository: \t https://github.com/Level/deferred-leveldown ',
  'Line of code: \t 1893',
  'Raynos/duplexer',
  'Repository: \t https://github.com/Raynos/duplexer ',
  'Line of code: \t 286',
  'bmeck/dotignore',
  'Repository: \t https://github.com/bmeck/dotignore ',
  'Line of code: \t 238',
  'mafintosh/duplexify',
  'Repository: \t https://github.com/mafintosh/duplexify ',
  'Line of code: \t 765',
  'mafintosh/end-of-stream',
  'Repository: \t https://github.com/mafintosh/end-of-stream ',
  'Line of code: \t 355',
  'Raynos/body',
  'Repository: \t https://github.com/Raynos/body ',
  'Line of code: \t 714',
  'ljharb/es-get-iterator',
  'Repository: \t https://github.com/ljharb/es-get-iterator ',
  'Line of code: \t 1227',
  'Level/encoding-down',
  'Repository: \t https://github.com/Level/encoding-down ',
  'Line of code: \t 1937',
  'Raynos/error',
  'Repository: \t https://github.com/Raynos/error ',
  'Line of code: \t 2214',
  'ljharb/es-abstract',
  'Repository: \t https://github.com/ljharb/es-abstract ',
  'Line of code: \t 46763',
  'ljharb/es-to-primitive',
  'Repository: \t https://github.com/ljharb/es-to-primitive ',
  'Line of code: \t 1059',
  'justmoon/node-extend',
  'Repository: \t https://github.com/justmoon/node-extend ',
  'Line of code: \t 1085',
  'epoberezkin/fast-json-stable-stringify',
  'Repository: \t https://github.com/epoberezkin/fast-json-stable-stringify ',
  'Line of code: \t 623',
  'mafintosh/flush-write-stream',
  ... 441 more items ]
[ '93',
  '108',
  '118',
  '139',
  '139',
  '140',
  '147',
  '154',
  '161',
  '167',
  '172',
  '185',
  '187',
  '192',
  '198',
  '199',
  '213',
  '216',
  '218',
  '231',
  '236',
  '238',
  '242',
  '254',
  '257',
  '269',
  '276',
  '280',
  '286',
  '291',
  '296',
  '300',
  '301',
  '308',
  '320',
  '320',
  '322',
  '323',
  '339',
  '355',
  '358',
  '359',
  '359',
  '378',
  '378',
  '379',
  '382',
  '384',
  '389',
  '401',
  '403',
  '422',
  '426',
  '428',
  '436',
  '443',
  '474',
  '474',
  '481',
  '502',
  '511',
  '512',
  '517',
  '528',
  '536',
  '539',
  '541',
  '559',
  '588',
  '600',
  '608',
  '611',
  '611',
  '611',
  '618',
  '620',
  '621',
  '623',
  '636',
  '654',
  '694',
  '704',
  '709',
  '714',
  '714',
  '715',
  '721',
  '723',
  '737',
  '741',
  '741',
  '744',
  '749',
  '754',
  '755',
  '757',
  '758',
  '761',
  '765',
  '773',
  '790',
  '798',
  '814',
  '816',
  '817',
  '818',
  '841',
  '847',
  '848',
  '858',
  '872',
  '917',
  '924',
  '928',
  '934',
  '961',
  '1024',
  '1033',
  '1055',
  '1057',
  '1059',
  '1060',
  '1085',
  '1093',
  '1124',
  '1145',
  '1160',
  '1183',
  '1184',
  '1211',
  '1227',
  '1236',
  '1373',
  '1429',
  '1489',
  '1581',
  '1759',
  '1801',
  '1893',
  '1900',
  '1937',
  '2102',
  '2133',
  '2150',
  '2209',
  '2214',
  '2331',
  '2345',
  '2527',
  '2542',
  '2585',
  '2702',
  '2871',
  '2892',
  '3134',
  '3656',
  '3660',
  '4317',
  '4677',
  '4942',
  '4947',
  '5036',
  '5409',
  '5983',
  '6939',
  '8426',
  '8658',
  '10074',
  '10115',
  '13808',
  '14853',
  '16634',
  '16910',
  '19124',
  '28421',
  '28543',
  '39360',
  '46763',
  '93889',
  '250784' ]
781365
4340.916666666667
[ 93,
  108,
  118,
  139,
  139,
  140,
  147,
  154,
  161,
  167,
  172,
  185,
  187,
  192,
  198,
  199,
  213,
  216,
  218,
  231,
  236,
  238,
  242,
  254,
  257,
  269,
  276,
  280,
  286,
  291,
  296,
  300,
  301,
  308,
  320,
  320,
  322,
  323,
  339,
  355,
  358,
  359,
  359,
  378,
  378,
  379,
  382,
  384,
  389,
  401,
  403,
  422,
  426,
  428,
  436,
  443,
  474,
  474,
  481,
  502,
  511,
  512,
  517,
  528,
  536,
  539,
  541,
  559,
  588,
  600,
  608,
  611,
  611,
  611,
  618,
  620,
  621,
  623,
  636,
  654,
  694,
  704,
  709,
  714,
  714,
  715,
  721,
  723,
  737,
  741,
  741,
  744,
  749,
  754,
  755,
  757,
  758,
  761,
  765,
  773,
  790,
  798,
  814,
  816,
  817,
  818,
  841,
  847,
  848,
  858,
  872,
  917,
  924,
  928,
  934,
  961,
  1024,
  1033,
  1055,
  1057,
  1059,
  1060,
  1085,
  1093,
  1124,
  1145,
  1160,
  1183,
  1184,
  1211,
  1227,
  1236,
  1373,
  1429,
  1489,
  1581,
  1759,
  1801,
  1893,
  1900,
  1937,
  2102,
  2133,
  2150,
  2209,
  2214,
  2331,
  2345,
  2527,
  2542,
  2585,
  2702,
  2871,
  2892,
  3134,
  3656,
  3660,
  4317,
  4677,
  4942,
  4947,
  5036,
  5409,
  5983,
  6939,
  8426,
  8658,
  10074,
  10115,
  13808,
  14853,
  16634,
  16910,
  19124 ]
293605
1687.3850574712644
