dependents:11
dependents:10
dependents:2
dependents:164
dependents:10
dependents:36
dependents:29
dependents:252
dependents:4
dependents:56
dependents:70
dependents:291
dependents:85
dependents:50
dependents:28
dependents:141
dependents:4
dependents:84
dependents:30
dependents:1
dependents:11
dependents:9
dependents:1
dependents:49
dependents:30
dependents:1698
dependents:4
dependents:224
dependents:601
dependents:15
dependents:6
dependents:32
dependents:184
dependents:1
dependents:183
dependents:178
dependents:134
dependents:87
dependents:64
dependents:21
dependents:4
dependents:2255
dependents:13
dependents:17
dependents:84
dependents:391
dependents:315
dependents:12
dependents:17
dependents:12
dependents:19
dependents:114
dependents:14
dependents:11
dependents:6
dependents:10
dependents:3
dependents:60
dependents:16
dependents:11
dependents:110
dependents:5
dependents:3
dependents:9
dependents:16
dependents:5
dependents:44
dependents:10
dependents:3
dependents:13
dependents:164
dependents:80
dependents:222
dependents:9
dependents:4
dependents:11
dependents:3
dependents:2
dependents:38
dependents:9
dependents:5
dependents:4
dependents:91
dependents:271
dependents:431
dependents:13
dependents:25
dependents:276
dependents:4
dependents:5341
dependents:48
dependents:1
dependents:7
dependents:15
dependents:17
dependents:20
dependents:6
dependents:75
dependents:37
dependents:182
dependents:3
dependents:76
dependents:1125
dependents:594
dependents:15
dependents:46
dependents:1164
dependents:18154
dependents:786
dependents:15
dependents:51
dependents:22
dependents:27
dependents:16
dependents:6
dependents:16
dependents:4
dependents:10
dependents:16
dependents:38
dependents:26
dependents:165
dependents:5
dependents:103
dependents:62
dependents:2
dependents:7
dependents:255
dependents:1910
dependents:6927
dependents:33
dependents:5
dependents:4
dependents:432
dependents:95
dependents:29
dependents:76
dependents:10
dependents:22
dependents:1
dependents:111
dependents:1
dependents:1
dependents:7
dependents:6
dependents:150
dependents:22
dependents:1688
dependents:992
dependents:17
dependents:607
dependents:41
dependents:120
[ 1,
  1,
  1,
  1,
  1,
  1,
  1,
  2,
  2,
  2,
  3,
  3,
  3,
  3,
  3,
  4,
  4,
  4,
  4,
  4,
  4,
  4,
  4,
  4,
  5,
  5,
  5,
  5,
  5,
  6,
  6,
  6,
  6,
  6,
  7,
  7,
  7,
  9,
  9,
  9,
  9,
  10,
  10,
  10,
  10,
  10,
  10,
  11,
  11,
  11,
  11,
  11,
  12,
  12,
  13,
  13,
  13,
  14,
  15,
  15,
  15,
  15,
  16,
  16,
  16,
  16,
  16,
  17,
  17,
  17,
  17,
  19,
  20,
  21,
  22,
  22,
  22,
  25,
  26,
  27,
  28,
  29,
  29,
  30,
  30,
  32,
  33,
  36,
  37,
  38,
  38,
  41,
  44,
  46,
  48,
  49,
  50,
  51,
  56,
  60,
  62,
  64,
  70,
  75,
  76,
  76,
  80,
  84,
  84,
  85,
  87,
  91,
  95,
  103,
  110,
  111,
  114,
  120,
  134,
  141,
  150,
  164,
  164,
  165,
  178,
  182,
  183,
  184,
  222,
  224,
  252,
  255,
  271,
  276,
  291,
  315,
  391,
  431,
  432,
  594,
  601,
  607,
  786,
  992,
  1125,
  1164,
  1688,
  1698,
  1910,
  2255,
  5341,
  6927,
  18154 ]
dependency ave:282.7119565217391
weeklycounts:23782281
23782281
weeklycounts:3157627
26939908
weeklycounts:14396364
41336272
weeklycounts:27267763
68604035
weeklycounts:4
68604039
weeklycounts:27213280
95817319
weeklycounts:22481559
118298878
weeklycounts:4373478
122672356
weeklycounts:5
122672361
weeklycounts:24326824
146999185
weeklycounts:33613379
180612564
weeklycounts:35406211
216018775
weeklycounts:3809496
219828271
weeklycounts:25742873
245571144
weeklycounts:693017
246264161
weeklycounts:22056728
268320889
weeklycounts:26660466
294981355
weeklycounts:15801006
310782361
weeklycounts:17
310782378
weeklycounts:18680781
329463159
weeklycounts:4897483
334360642
weeklycounts:18967718
353328360
weeklycounts:724132
354052492
weeklycounts:2309338
356361830
weeklycounts:220995
356582825
weeklycounts:21342486
377925311
weeklycounts:65712
377991023
weeklycounts:19861935
397852958
weeklycounts:501157
398354115
weeklycounts:14320400
412674515
weeklycounts:689576
413364091
weeklycounts:22248279
435612370
weeklycounts:3840902
439453272
weeklycounts:316526
439769798
weeklycounts:701922
440471720
weeklycounts:16440356
456912076
weeklycounts:11631701
468543777
weeklycounts:266730
468810507
weeklycounts:3941196
472751703
weeklycounts:26576662
499328365
weeklycounts:36713703
536042068
weeklycounts:24300033
560342101
weeklycounts:27179623
587521724
weeklycounts:14383256
601904980
weeklycounts:21595503
623500483
weeklycounts:12293818
635794301
weeklycounts:42171240
weeklycounts:3420346
639214647
weeklycounts:1612471
640827118
weeklycounts:4795150
645622268
weeklycounts:16181288
661803556
weeklycounts:1364761
663168317
weeklycounts:25385246
688553563
weeklycounts:2241875
690795438
weeklycounts:27112668
717908106
weeklycounts:28893108
746801214
weeklycounts:280
746801494
weeklycounts:5583778
752385272
weeklycounts:25560967
777946239
weeklycounts:10626214
788572453
weeklycounts:1454384
790026837
weeklycounts:8465284
798492121
weeklycounts:15281972
813774093
weeklycounts:31693333
845467426
weeklycounts:26642027
872109453
weeklycounts:3938702
876048155
weeklycounts:13136509
889184664
weeklycounts:1299341
890484005
weeklycounts:21887613
912371618
weeklycounts:2371940
914743558
weeklycounts:13706259
928449817
weeklycounts:14838485
943288302
weeklycounts:16990495
960278797
weeklycounts:3937977
964216774
weeklycounts:9701463
973918237
weeklycounts:19223642
993141879
weeklycounts:28542967
1021684846
weeklycounts:22371633
1044056479
weeklycounts:24289580
1068346059
weeklycounts:3298328
1071644387
weeklycounts:21390585
1093034972
weeklycounts:1110005
1094144977
weeklycounts:1110029
1095255006
weeklycounts:1
1095255007
weeklycounts:16277883
1111532890
weeklycounts:53214421
weeklycounts:13208907
1124741797
weeklycounts:6088828
1130830625
weeklycounts:389692
1131220317
weeklycounts:452522
1131672839
weeklycounts:5
1131672844
weeklycounts:197850
1131870694
weeklycounts:249592
1132120286
weeklycounts:447061
1132567347
weeklycounts:6
1132567353
weeklycounts:3
1132567356
weeklycounts:5
1132567361
weeklycounts:244886
1132812247
weeklycounts:31
1132812278
weeklycounts:219804
1133032082
weeklycounts:175
1133032257
weeklycounts:37584
1133069841
weeklycounts:502803
1133572644
weeklycounts:196
1133572840
weeklycounts:401003
1133973843
weeklycounts:275146
1134248989
weeklycounts:43874351
weeklycounts:137701
1134386690
weeklycounts:2318451
1136705141
weeklycounts:73775
1136778916
weeklycounts:5409867
1142188783
weeklycounts:1461485
1143650268
weeklycounts:58375
1143708643
weeklycounts:28907271
1172615914
weeklycounts:676901
1173292815
weeklycounts:24828136
1198120951
weeklycounts:668531
1198789482
weeklycounts:869829
1199659311
weeklycounts:13550777
1213210088
weeklycounts:7312
1213217400
weeklycounts:1461749
1214679149
weeklycounts:14144799
1228823948
weeklycounts:1157248
1229981196
weeklycounts:6200667
1236181863
weeklycounts:22616457
1258798320
weeklycounts:81434820
weeklycounts:25653162
1284451482
weeklycounts:58922
1284510404
weeklycounts:49727645
weeklycounts:57797
1284568201
weeklycounts:140628
1284708829
weeklycounts:59072711
weeklycounts:18502366
1303211195
weeklycounts:62224358
weeklycounts:19243864
1322455059
weeklycounts:979955
1323435014
weeklycounts:647549
1324082563
weeklycounts:58929
1324141492
weeklycounts:21253992
1345395484
weeklycounts:13679097
1359074581
weeklycounts:27823789
1386898370
weeklycounts:22868342
1409766712
weeklycounts:14722755
1424489467
weeklycounts:2848372
1427337839
weeklycounts:10731501
1438069340
weeklycounts:25047035
1463116375
weeklycounts:7387
1463123762
weeklycounts:1461361
1464585123
weeklycounts:38340
1464623463
weeklycounts:1465
1464624928
weeklycounts:17274641
1481899569
weeklycounts:19866016
1501765585
weeklycounts:61078
1501826663
weeklycounts:2356934
1504183597
weeklycounts:729975
1504913572
weeklycounts:27049755
1531963327
weeklycounts:22698699
1554662026
weeklycounts:14735
1554676761
weeklycounts:173927
1554850688
weeklycounts:85132
1554935820
weeklycounts:6372111
1561307931
weeklycounts:17476666
1578784597
weeklycounts:15144894
1593929491
weeklycounts:123072
1594052563
weeklycounts:1587
1594054150
weeklycounts:1571
1594055721
weeklycounts:10879882
1604935603
weeklycounts:35800556
1640736159
weeklycounts:22042185
1662778344
weeklycounts:3267593
1666045937
weeklycounts:13250271
1679296208
weeklycounts:179068
1679475276
weeklycounts:24471782
1703947058
weeklycounts:8242805
1712189863
weeklycounts:1105477
1713295340
weeklycounts:12303176
1725598516
weeklycounts:35321226847
weeklycounts:1599
1725600115
weeklycounts:94680
1725694795
weeklycounts:15759815
1741454610
weeklycounts:6700221
1748154831
weeklycounts:37921
1748192752
weeklycounts:37491350
